This is pdfTeX, Version 3.14159265-2.6-1.40.21 (TeX Live 2020/W32TeX) (preloaded format=pdflatex 2021.2.14)  24 APR 2021 21:17
entering extended mode
 restricted \write18 enabled.
 %&-line parsing enabled.
**blacksaber---claire.tex
(./blacksaber---claire.tex
LaTeX2e <2020-10-01> patch level 4
L3 programming layer <2021-02-06>

! LaTeX Error: File `scrartcl.cls' not found.

Type X to quit or <RETURN> to proceed,
or enter new name. (Default extension: cls)

Enter file name: 
! Emergency stop.
<read *> 
         
l.53     \usepackage
                    {amsmath,amssymb}^^M 
Here is how much of TeX's memory you used:
 24 strings out of 481250
 533 string characters out of 5914108
 266128 words of memory out of 5000000
 17064 multiletter control sequences out of 15000+600000
 403430 words of font info for 27 fonts, out of 8000000 for 9000
 14 hyphenation exceptions out of 8191
 32i,0n,39p,152b,13s stack positions out of 5000i,500n,10000p,200000b,80000s

!  ==> Fatal error occurred, no output PDF file produced!
